This is pdfTeX, Version 3.141592653-2.6-1.40.25 (TeX Live 2023/Debian) (preloaded format=pdflatex 2024.3.11)  11 MAR 2024 12:33
entering extended mode
 restricted \write18 enabled.
 %&-line parsing enabled.
**paperForRoadef.tex
(./paperForRoadef.tex
LaTeX2e <2023-06-01>
L3 programming layer <2023-06-05>
(/usr/share/texlive/texmf-dist/tex/latex/base/article.cls
Document Class: article 2023/05/17 v1.4n Standard LaTeX document class
(/usr/share/texlive/texmf-dist/tex/latex/base/size10.clo
File: size10.clo 2023/05/17 v1.4n Standard LaTeX file (size option)
)
\c@part=\count185
\c@section=\count186
\c@subsection=\count187
\c@subsubsection=\count188
\c@paragraph=\count189
\c@subparagraph=\count190
\c@figure=\count191
\c@table=\count192
\abovecaptionskip=\skip48
\belowcaptionskip=\skip49
\bibindent=\dimen140
)
(/usr/share/texlive/texmf-dist/tex/latex/graphics/graphicx.sty
Package: graphicx 2021/09/16 v1.2d Enhanced LaTeX Graphics (DPC,SPQR)

(/usr/share/texlive/texmf-dist/tex/latex/graphics/keyval.sty
Package: keyval 2022/05/29 v1.15 key=value parser (DPC)
\KV@toks@=\toks17
)
(/usr/share/texlive/texmf-dist/tex/latex/graphics/graphics.sty
Package: graphics 2022/03/10 v1.4e Standard LaTeX Graphics (DPC,SPQR)

(/usr/share/texlive/texmf-dist/tex/latex/graphics/trig.sty
Package: trig 2021/08/11 v1.11 sin cos tan (DPC)
)
(/usr/share/texlive/texmf-dist/tex/latex/graphics-cfg/graphics.cfg
File: graphics.cfg 2016/06/04 v1.11 sample graphics configuration
)
Package graphics Info: Driver file: pdftex.def on input line 107.

(/usr/share/texlive/texmf-dist/tex/latex/graphics-def/pdftex.def
File: pdftex.def 2022/09/22 v1.2b Graphics/color driver for pdftex
))
\Gin@req@height=\dimen141
\Gin@req@width=\dimen142
)
(/usr/share/texlive/texmf-dist/tex/latex/l3backend/l3backend-pdftex.def
File: l3backend-pdftex.def 2023-04-19 L3 backend support: PDF output (pdfTeX)
\l__color_backend_stack_int=\count193
\l__pdf_internal_box=\box51
)
(./paperForRoadef.aux)
\openout1 = `paperForRoadef.aux'.

LaTeX Font Info:    Checking defaults for OML/cmm/m/it on input line 8.
LaTeX Font Info:    ... okay on input line 8.
LaTeX Font Info:    Checking defaults for OMS/cmsy/m/n on input line 8.
LaTeX Font Info:    ... okay on input line 8.
LaTeX Font Info:    Checking defaults for OT1/cmr/m/n on input line 8.
LaTeX Font Info:    ... okay on input line 8.
LaTeX Font Info:    Checking defaults for T1/cmr/m/n on input line 8.
LaTeX Font Info:    ... okay on input line 8.
LaTeX Font Info:    Checking defaults for TS1/cmr/m/n on input line 8.
LaTeX Font Info:    ... okay on input line 8.
LaTeX Font Info:    Checking defaults for OMX/cmex/m/n on input line 8.
LaTeX Font Info:    ... okay on input line 8.
LaTeX Font Info:    Checking defaults for U/cmr/m/n on input line 8.
LaTeX Font Info:    ... okay on input line 8.

(/usr/share/texlive/texmf-dist/tex/context/base/mkii/supp-pdf.mkii
[Loading MPS to PDF converter (version 2006.09.02).]
\scratchcounter=\count194
\scratchdimen=\dimen143
\scratchbox=\box52
\nofMPsegments=\count195
\nofMParguments=\count196
\everyMPshowfont=\toks18
\MPscratchCnt=\count197
\MPscratchDim=\dimen144
\MPnumerator=\count198
\makeMPintoPDFobject=\count199
\everyMPtoPDFconversion=\toks19
) (/usr/share/texlive/texmf-dist/tex/latex/epstopdf-pkg/epstopdf-base.sty
Package: epstopdf-base 2020-01-24 v2.11 Base part for package epstopdf
Package epstopdf-base Info: Redefining graphics rule for `.eps' on input line 4
85.

(/usr/share/texlive/texmf-dist/tex/latex/latexconfig/epstopdf-sys.cfg
File: epstopdf-sys.cfg 2010/07/13 v1.3 Configuration of (r)epstopdf for TeX Liv
e
))
LaTeX Font Info:    External font `cmex10' loaded for size
(Font)              <12> on input line 10.
LaTeX Font Info:    External font `cmex10' loaded for size
(Font)              <8> on input line 10.
LaTeX Font Info:    External font `cmex10' loaded for size
(Font)              <6> on input line 10.

Overfull \hbox (53.99652pt too wide) in paragraph at lines 30--30
[]    \OT1/cmtt/m/n/10 [1], [2], [3], [], [], [], [6], [7], [7, 8], [10], [8], 
[8, 11], [5, 8],[] 
 []


Overfull \hbox (43.49661pt too wide) in paragraph at lines 30--30
[]    \OT1/cmtt/m/n/10 [3, 8], [7], [13], [13], [14], [], [13], [16], [16], [20
], [17], [13],[] 
 []


Overfull \hbox (38.24666pt too wide) in paragraph at lines 30--30
[]    \OT1/cmtt/m/n/10 [], [9], [11], [11, 12], [9], [6, 19], [], [], [18], [10
], [5], [16],[] 
 []


Overfull \hbox (211.49515pt too wide) in paragraph at lines 57--57
[]    \OT1/cmtt/m/n/10 return s_index - (conference_sessions - s) * c_index - (
slots - c) * l_index - (len(papers_range) - l)[] 
 []

[1

{/var/lib/texmf/fonts/map/pdftex/updmap/pdftex.map}]
Overfull \hbox (305.99432pt too wide) in paragraph at lines 57--57
[]    \OT1/cmtt/m/n/10 unique_index = ((s1 - 1) * conference_sessions + (s2 - 1
)) * slots * working_groups + (c - 1) * working_groups + (g - 1)[] 
 []

LaTeX Font Info:    External font `cmex10' loaded for size
(Font)              <7> on input line 61.
LaTeX Font Info:    External font `cmex10' loaded for size
(Font)              <5> on input line 61.

Overfull \hbox (127.49588pt too wide) in paragraph at lines 73--73
[]        \OT1/cmtt/m/n/10 amo_clause = CardEnc.atmost(lits=vars_for_s_c, bound
=1, encoding=EncType.pairwise)[] 
 []

! Undefined control sequence.
l.78 $$ \sum_{\substack
                       {c\in C\\ l\in L}} x_{(s,c,l)}*l  = np(s)   \qquad \f...
The control sequence at the end of the top line
of your error message was never \def'ed. If you have
misspelled it (e.g., `\hobx'), type `I' and the correct
spelling (e.g., `I\hbox'). Otherwise just continue,
and I'll forget about whatever was undefined.


Overfull \hbox (122.24593pt too wide) in paragraph at lines 96--96
[]    \OT1/cmtt/m/n/10 equals_clause = PBEnc.equals(lits=aux_vars, weights=weig
hts, bound=session_papers[s])[] 
 []

[2]
Overfull \hbox (95.99615pt too wide) in paragraph at lines 114--114
[]               \OT1/cmtt/m/n/10 % j'ai travailler avec la conjunction des neg
ation de x if l>npMax(c)[] 
 []


Underfull \hbox (badness 10000) in paragraph at lines 119--121

 []

! Undefined control sequence.
l.143 $$ \sum_{\substack
                        {s\in S\\ l\in L}} x_{(s,c,l)} \leq n \qquad \forall...
The control sequence at the end of the top line
of your error message was never \def'ed. If you have
misspelled it (e.g., `\hobx'), type `I' and the correct
spelling (e.g., `I\hbox'). Otherwise just continue,
and I'll forget about whatever was undefined.

! You can't use `macro parameter character #' in vertical mode.
l.145 #
       # but in our code we implement it with z
Sorry, but I'm not programmed to handle this case;
I'll just pretend that you didn't ask for it.
If you're in the wrong mode, you might be able to
return to the right one by typing `I}' or `I$' or `I\par'.

! You can't use `macro parameter character #' in vertical mode.
l.145 ##
         but in our code we implement it with z
Sorry, but I'm not programmed to handle this case;
I'll just pretend that you didn't ask for it.
If you're in the wrong mode, you might be able to
return to the right one by typing `I}' or `I$' or `I\par'.

! Undefined control sequence.
l.149 $$ \sum_{\substack
                        {s\in S}} \overline{z_{(s,c)}} \leq n \qquad \forall...
The control sequence at the end of the top line
of your error message was never \def'ed. If you have
misspelled it (e.g., `\hobx'), type `I' and the correct
spelling (e.g., `I\hbox'). Otherwise just continue,
and I'll forget about whatever was undefined.


Overfull \hbox (43.49661pt too wide) in paragraph at lines 159--159
[]    \OT1/cmtt/m/n/10 neg_z_vars = [-var_z(s, c) for s in range(1, conference_
sessions + 1)][] 
 []


Overfull \hbox (74.99634pt too wide) in paragraph at lines 159--159
[]    \OT1/cmtt/m/n/10 atmost_clause = CardEnc.atmost(lits=neg_z_vars, bound=ma
x_parallel_sessions)[] 
 []

[3]
! Undefined control sequence.
l.163 $$ max \sum_{\substack
                            {(s_1,s_2,c,g)\in S\times S\times C\times G \\ s...
The control sequence at the end of the top line
of your error message was never \def'ed. If you have
misspelled it (e.g., `\hobx'), type `I' and the correct
spelling (e.g., `I\hbox'). Otherwise just continue,
and I'll forget about whatever was undefined.

! You can't use `macro parameter character #' in vertical mode.
l.165 #
       # implementation
Sorry, but I'm not programmed to handle this case;
I'll just pretend that you didn't ask for it.
If you're in the wrong mode, you might be able to
return to the right one by typing `I}' or `I$' or `I\par'.

! You can't use `macro parameter character #' in vertical mode.
l.165 ##
         implementation
Sorry, but I'm not programmed to handle this case;
I'll just pretend that you didn't ask for it.
If you're in the wrong mode, you might be able to
return to the right one by typing `I}' or `I$' or `I\par'.


Overfull \hbox (27.74675pt too wide) in paragraph at lines 176--176
[]    \OT1/cmtt/m/n/10 for s2 in range(s1 + 1, conference_sessions + 1):  % Ens
ure s1 < s2[] 
 []


Overfull \hbox (137.99579pt too wide) in paragraph at lines 176--176
[]            \OT1/cmtt/m/n/10 common_groups = set(session_groups[s1 - 1]).inte
rsection(session_groups[s2 - 1])[] 
 []

[4] (./paperForRoadef.aux)
 ***********
LaTeX2e <2023-06-01>
L3 programming layer <2023-06-05>
 ***********
 ) 
Here is how much of TeX's memory you used:
 1295 strings out of 475735
 21139 string characters out of 5784786
 1862759 words of memory out of 5000000
 22078 multiletter control sequences out of 15000+600000
 516898 words of font info for 46 fonts, out of 8000000 for 9000
 1141 hyphenation exceptions out of 8191
 57i,6n,65p,251b,268s stack positions out of 10000i,1000n,20000p,200000b,200000s
</usr/share/texlive/texmf-dist/fonts/type1/public/amsfonts/cm/cmbx10.pfb></us
r/share/texlive/texmf-dist/fonts/type1/public/amsfonts/cm/cmex10.pfb></usr/shar
e/texlive/texmf-dist/fonts/type1/public/amsfonts/cm/cmmi10.pfb></usr/share/texl
ive/texmf-dist/fonts/type1/public/amsfonts/cm/cmmi7.pfb></usr/share/texlive/tex
mf-dist/fonts/type1/public/amsfonts/cm/cmr10.pfb></usr/share/texlive/texmf-dist
/fonts/type1/public/amsfonts/cm/cmr12.pfb></usr/share/texlive/texmf-dist/fonts/
type1/public/amsfonts/cm/cmr17.pfb></usr/share/texlive/texmf-dist/fonts/type1/p
ublic/amsfonts/cm/cmr5.pfb></usr/share/texlive/texmf-dist/fonts/type1/public/am
sfonts/cm/cmr7.pfb></usr/share/texlive/texmf-dist/fonts/type1/public/amsfonts/c
m/cmsy10.pfb></usr/share/texlive/texmf-dist/fonts/type1/public/amsfonts/cm/cmsy
7.pfb></usr/share/texlive/texmf-dist/fonts/type1/public/amsfonts/cm/cmtt10.pfb>

Output written on paperForRoadef.pdf (4 pages, 141292 bytes).
PDF statistics:
 77 PDF objects out of 1000 (max. 8388607)
 46 compressed objects within 1 object stream
 0 named destinations out of 1000 (max. 500000)
 1 words of extra memory for PDF output out of 10000 (max. 10000000)

